<?xml version="1.0" encoding="UTF-8"?>
<!-- Generated by org.testng.reporters.JUnitXMLReporter -->
<testsuite ignored="0" hostname="DESKTOP-0NHKIKH" failures="0" tests="1" name="Test" time="0.039" errors="0" timestamp="2021-07-31T16:26:38 COT">
  <testcase classname="test.LoginTests" name="@BeforeTest setUpDriver" time="-1.627766798102E9">
    <failure type="org.testng.TestNGException" message="
Parameter &amp;apos;browserName&amp;apos; is required by BeforeTest on method setUpDriver but has not been marked @Optional or defined
in D:\Eclipse\projects\SeleniumTest\testng.xml">
      <![CDATA[org.testng.TestNGException: 
Parameter 'browserName' is required by BeforeTest on method setUpDriver but has not been marked @Optional or defined
in D:\Eclipse\projects\SeleniumTest\testng.xml
... Removed 21 stack frames]]>
    </failure>
  </testcase> <!-- @BeforeTest setUpDriver -->
  <testcase classname="test.LoginTests" name="@AfterTest destroidTest" time="-1.627766798135E9">
    <skipped/>
  </testcase> <!-- @AfterTest destroidTest -->
  <testcase classname="test.LoginTests" name="loginUserValidAndPassInvalid" time="0.0">
    <skipped/>
  </testcase> <!-- loginUserValidAndPassInvalid -->
</testsuite> <!-- Test -->
