<?xml version="1.0" encoding="UTF-8"?>
<!-- Generated by org.testng.reporters.JUnitXMLReporter -->
<testsuite ignored="0" hostname="DESKTOP-0NHKIKH" failures="0" tests="2" name="Default test" time="0.057" errors="0" timestamp="2021-07-31T16:38:37 COT">
  <testcase classname="test.LoginTests" name="@BeforeTest setUpDriver" time="-1.627767517042E9">
    <failure type="org.testng.TestNGException" message="
Parameter &amp;apos;browserName&amp;apos; is required by BeforeTest on method setUpDriver but has not been marked @Optional or defined
in C:\Users\bpime\AppData\Local\Temp\testng-eclipse--79461336\testng-customsuite.xml">
      <![CDATA[org.testng.TestNGException: 
Parameter 'browserName' is required by BeforeTest on method setUpDriver but has not been marked @Optional or defined
in C:\Users\bpime\AppData\Local\Temp\testng-eclipse--79461336\testng-customsuite.xml
at org.testng.internal.Parameters.createParams(Parameters.java:270)
at org.testng.internal.Parameters.createParametersForMethod(Parameters.java:358)
at org.testng.internal.Parameters.createParameters(Parameters.java:700)
at org.testng.internal.Parameters.createConfigurationParameters(Parameters.java:168)
at org.testng.internal.ConfigInvoker.invokeConfigurations(ConfigInvoker.java:302)
at org.testng.TestRunner.invokeTestConfigurations(TestRunner.java:637)
at org.testng.TestRunner.beforeRun(TestRunner.java:627)
at org.testng.TestRunner.run(TestRunner.java:589)
at org.testng.SuiteRunner.runTest(SuiteRunner.java:377)
at org.testng.SuiteRunner.runSequentially(SuiteRunner.java:371)
at org.testng.SuiteRunner.privateRun(SuiteRunner.java:332)
at org.testng.SuiteRunner.run(SuiteRunner.java:276)
at org.testng.SuiteRunnerWorker.runSuite(SuiteRunnerWorker.java:53)
at org.testng.SuiteRunnerWorker.run(SuiteRunnerWorker.java:96)
at org.testng.TestNG.runSuitesSequentially(TestNG.java:1212)
at org.testng.TestNG.runSuitesLocally(TestNG.java:1134)
at org.testng.TestNG.runSuites(TestNG.java:1063)
at org.testng.TestNG.run(TestNG.java:1031)
at org.testng.remote.AbstractRemoteTestNG.run(AbstractRemoteTestNG.java:115)
at org.testng.remote.RemoteTestNG.initAndRun(RemoteTestNG.java:251)
at org.testng.remote.RemoteTestNG.main(RemoteTestNG.java:77)
]]>
    </failure>
  </testcase> <!-- @BeforeTest setUpDriver -->
  <testcase classname="test.LoginTests" name="@AfterTest destroidTest" time="-1.627767517092E9">
    <skipped/>
  </testcase> <!-- @AfterTest destroidTest -->
  <testcase classname="test.LoginTests" name="loginUserInvalidAndPassValid" time="0.0">
    <skipped/>
  </testcase> <!-- loginUserInvalidAndPassValid -->
  <testcase classname="test.LoginTests" name="loginUserValidAndPassInvalid" time="0.0">
    <skipped/>
  </testcase> <!-- loginUserValidAndPassInvalid -->
</testsuite> <!-- Default test -->
